This is pdfTeX, Version 3.14159265-2.6-1.40.18 (MiKTeX 2.9.6500) (preloaded format=pdflatex 2018.1.24)  25 JUL 2018 09:47
entering extended mode
**"./Summer Research.tex"
("Summer Research.tex"
LaTeX2e <2017-04-15>
Babel <3.16> and hyphenation patterns for 76 language(s) loaded.
("C:\Program Files (x86)\LaTeX\tex\latex\base\article.cls"
Document Class: article 2014/09/29 v1.4h Standard LaTeX document class
("C:\Program Files (x86)\LaTeX\tex\latex\base\size11.clo"
File: size11.clo 2014/09/29 v1.4h Standard LaTeX file (size option)
)
\c@part=\count79
\c@section=\count80
\c@subsection=\count81
\c@subsubsection=\count82
\c@paragraph=\count83
\c@subparagraph=\count84
\c@figure=\count85
\c@table=\count86
\abovecaptionskip=\skip41
\belowcaptionskip=\skip42
\bibindent=\dimen102
)
("C:\Program Files (x86)\LaTeX\tex\latex\apacite\apacite.sty"
Package: apacite 2013/07/21 v6.03 APA citation
\c@BibCnt=\count87
\bibleftmargin=\skip43
\bibindent=\skip44
\bibparsep=\skip45
\bibitemsep=\skip46
\biblabelsep=\skip47
)
("C:\Program Files (x86)\LaTeX\tex\latex\graphics\graphicx.sty"
Package: graphicx 2017/06/01 v1.1a Enhanced LaTeX Graphics (DPC,SPQR)

("C:\Program Files (x86)\LaTeX\tex\latex\graphics\keyval.sty"
Package: keyval 2014/10/28 v1.15 key=value parser (DPC)
\KV@toks@=\toks14
)
("C:\Program Files (x86)\LaTeX\tex\latex\graphics\graphics.sty"
Package: graphics 2017/06/25 v1.2c Standard LaTeX Graphics (DPC,SPQR)

("C:\Program Files (x86)\LaTeX\tex\latex\graphics\trig.sty"
Package: trig 2016/01/03 v1.10 sin cos tan (DPC)
)
("C:\Program Files (x86)\LaTeX\tex\latex\graphics-cfg\graphics.cfg"
File: graphics.cfg 2016/06/04 v1.11 sample graphics configuration
)
Package graphics Info: Driver file: pdftex.def on input line 99.

("C:\Program Files (x86)\LaTeX\tex\latex\graphics-def\pdftex.def"
File: pdftex.def 2018/01/08 v1.0l Graphics/color driver for pdftex
))
\Gin@req@height=\dimen103
\Gin@req@width=\dimen104
)
("C:\Program Files (x86)\LaTeX\tex\latex\subfig\subfig.sty"
Package: subfig 2005/06/28 ver: 1.3 subfig package

("C:\Program Files (x86)\LaTeX\tex\latex\caption\caption.sty"
Package: caption 2016/02/21 v3.3-144 Customizing captions (AR)

("C:\Program Files (x86)\LaTeX\tex\latex\caption\caption3.sty"
Package: caption3 2016/05/22 v1.7-166 caption3 kernel (AR)
Package caption3 Info: TeX engine: e-TeX on input line 67.
\captionmargin=\dimen105
\captionmargin@=\dimen106
\captionwidth=\dimen107
\caption@tempdima=\dimen108
\caption@indent=\dimen109
\caption@parindent=\dimen110
\caption@hangindent=\dimen111
)
\c@ContinuedFloat=\count88
)
\c@KVtest=\count89
\sf@farskip=\skip48
\sf@captopadj=\dimen112
\sf@capskip=\skip49
\sf@nearskip=\skip50
\c@subfigure=\count90
\c@subfigure@save=\count91
\c@lofdepth=\count92
\c@subtable=\count93
\c@subtable@save=\count94
\c@lotdepth=\count95
\sf@top=\skip51
\sf@bottom=\skip52
)
("C:\Program Files (x86)\LaTeX\tex\latex\float\float.sty"
Package: float 2001/11/08 v1.3d Float enhancements (AL)
\c@float@type=\count96
\float@exts=\toks15
\float@box=\box26
\@float@everytoks=\toks16
\@floatcapt=\box27
)
("C:\Program Files (x86)\LaTeX\tex\latex\tools\array.sty"
Package: array 2016/10/06 v2.4d Tabular extension package (FMi)
\col@sep=\dimen113
\extrarowheight=\dimen114
\NC@list=\toks17
\extratabsurround=\skip53
\backup@length=\skip54
)
("C:\Program Files (x86)\LaTeX\tex\latex\titlesec\titlesec.sty"
Package: titlesec 2016/03/21 v2.10.2 Sectioning titles
\ttl@box=\box28
\beforetitleunit=\skip55
\aftertitleunit=\skip56
\ttl@plus=\dimen115
\ttl@minus=\dimen116
\ttl@toksa=\toks18
\titlewidth=\dimen117
\titlewidthlast=\dimen118
\titlewidthfirst=\dimen119
)
("C:\Program Files (x86)\LaTeX\tex\latex\geometry\geometry.sty"
Package: geometry 2010/09/12 v5.6 Page Geometry

("C:\Program Files (x86)\LaTeX\tex\generic\oberdiek\ifpdf.sty"
Package: ifpdf 2017/03/15 v3.2 Provides the ifpdf switch
)
("C:\Program Files (x86)\LaTeX\tex\generic\oberdiek\ifvtex.sty"
Package: ifvtex 2016/05/16 v1.6 Detect VTeX and its facilities (HO)
Package ifvtex Info: VTeX not detected.
)
("C:\Program Files (x86)\LaTeX\tex\generic\ifxetex\ifxetex.sty"
Package: ifxetex 2010/09/12 v0.6 Provides ifxetex conditional
)
\Gm@cnth=\count97
\Gm@cntv=\count98
\c@Gm@tempcnt=\count99
\Gm@bindingoffset=\dimen120
\Gm@wd@mp=\dimen121
\Gm@odd@mp=\dimen122
\Gm@even@mp=\dimen123
\Gm@layoutwidth=\dimen124
\Gm@layoutheight=\dimen125
\Gm@layouthoffset=\dimen126
\Gm@layoutvoffset=\dimen127
\Gm@dimlist=\toks19

("C:\Program Files (x86)\LaTeX\tex\latex\geometry\geometry.cfg"))
("Summer Research.aux"

LaTeX Warning: Label `fig:TypicalImages' multiply defined.

)
\openout1 = `"Summer Research.aux"'.

LaTeX Font Info:    Checking defaults for OML/cmm/m/it on input line 30.
LaTeX Font Info:    ... okay on input line 30.
LaTeX Font Info:    Checking defaults for T1/cmr/m/n on input line 30.
LaTeX Font Info:    ... okay on input line 30.
LaTeX Font Info:    Checking defaults for OT1/cmr/m/n on input line 30.
LaTeX Font Info:    ... okay on input line 30.
LaTeX Font Info:    Checking defaults for OMS/cmsy/m/n on input line 30.
LaTeX Font Info:    ... okay on input line 30.
LaTeX Font Info:    Checking defaults for OMX/cmex/m/n on input line 30.
LaTeX Font Info:    ... okay on input line 30.
LaTeX Font Info:    Checking defaults for U/cmr/m/n on input line 30.
LaTeX Font Info:    ... okay on input line 30.
\c@maskedRefs=\count100
 ("C:\Program Files (x86)\LaTeX\tex\latex\apacite\english.apc"
File: english.apc 2013/07/21 v6.03 apacite language file
LaTeX Info: Redefining \BPBI on input line 129.
LaTeX Info: Redefining \BHBI on input line 130.
)
("C:\Program Files (x86)\LaTeX\tex\context\base\supp-pdf.mkii"
[Loading MPS to PDF converter (version 2006.09.02).]
\scratchcounter=\count101
\scratchdimen=\dimen128
\scratchbox=\box29
\nofMPsegments=\count102
\nofMParguments=\count103
\everyMPshowfont=\toks20
\MPscratchCnt=\count104
\MPscratchDim=\dimen129
\MPnumerator=\count105
\makeMPintoPDFobject=\count106
\everyMPtoPDFconversion=\toks21
) ("C:\Program Files (x86)\LaTeX\tex\latex\oberdiek\epstopdf-base.sty"
Package: epstopdf-base 2016/05/15 v2.6 Base part for package epstopdf

("C:\Program Files (x86)\LaTeX\tex\generic\oberdiek\infwarerr.sty"
Package: infwarerr 2016/05/16 v1.4 Providing info/warning/error messages (HO)
)
("C:\Program Files (x86)\LaTeX\tex\latex\oberdiek\grfext.sty"
Package: grfext 2016/05/16 v1.2 Manage graphics extensions (HO)

("C:\Program Files (x86)\LaTeX\tex\generic\oberdiek\kvdefinekeys.sty"
Package: kvdefinekeys 2016/05/16 v1.4 Define keys (HO)

("C:\Program Files (x86)\LaTeX\tex\generic\oberdiek\ltxcmds.sty"
Package: ltxcmds 2016/05/16 v1.23 LaTeX kernel commands for general use (HO)
)))
("C:\Program Files (x86)\LaTeX\tex\latex\oberdiek\kvoptions.sty"
Package: kvoptions 2016/05/16 v3.12 Key value format for package options (HO)

("C:\Program Files (x86)\LaTeX\tex\generic\oberdiek\kvsetkeys.sty"
Package: kvsetkeys 2016/05/16 v1.17 Key value parser (HO)

("C:\Program Files (x86)\LaTeX\tex\generic\oberdiek\etexcmds.sty"
Package: etexcmds 2016/05/16 v1.6 Avoid name clashes with e-TeX commands (HO)

("C:\Program Files (x86)\LaTeX\tex\generic\oberdiek\ifluatex.sty"
Package: ifluatex 2016/05/16 v1.4 Provides the ifluatex switch (HO)
Package ifluatex Info: LuaTeX not detected.
)
Package etexcmds Info: Could not find \expanded.
(etexcmds)             That can mean that you are not using pdfTeX 1.50 or
(etexcmds)             that some package has redefined \expanded.
(etexcmds)             In the latter case, load this package earlier.
)))
("C:\Program Files (x86)\LaTeX\tex\generic\oberdiek\pdftexcmds.sty"
Package: pdftexcmds 2017/03/19 v0.25 Utility functions of pdfTeX for LuaTeX (HO
)
Package pdftexcmds Info: LuaTeX not detected.
Package pdftexcmds Info: \pdf@primitive is available.
Package pdftexcmds Info: \pdf@ifprimitive is available.
Package pdftexcmds Info: \pdfdraftmode found.
)
Package epstopdf-base Info: Redefining graphics rule for `.eps' on input line 4
38.
Package grfext Info: Graphics extension search list:
(grfext)             [.pdf,.png,.jpg,.mps,.jpeg,.jbig2,.jb2,.PDF,.PNG,.JPG,.JPE
G,.JBIG2,.JB2,.eps]
(grfext)             \AppendGraphicsExtensions on input line 456.
)
Package caption Info: Begin \AtBeginDocument code.
Package caption Info: subfig package v1.3 is loaded.
Package caption Info: float package is loaded.
Package caption Info: End \AtBeginDocument code.

*geometry* driver: auto-detecting
*geometry* detected driver: pdftex
*geometry* verbose mode - [ preamble ] result:
* driver: pdftex
* paper: <default>
* layout: <same size as paper>
* layoutoffset:(h,v)=(0.0pt,0.0pt)
* modes: 
* h-part:(L,W,R)=(108.405pt, 397.485pt, 108.405pt)
* v-part:(T,H,B)=(108.405pt, 578.15999pt, 108.405pt)
* \paperwidth=614.295pt
* \paperheight=794.96999pt
* \textwidth=397.485pt
* \textheight=578.15999pt
* \oddsidemargin=36.13501pt
* \evensidemargin=36.13501pt
* \topmargin=-0.86499pt
* \headheight=12.0pt
* \headsep=25.0pt
* \topskip=11.0pt
* \footskip=30.0pt
* \marginparwidth=59.0pt
* \marginparsep=10.0pt
* \columnsep=10.0pt
* \skip\footins=10.0pt plus 4.0pt minus 2.0pt
* \hoffset=0.0pt
* \voffset=0.0pt
* \mag=1000
* \@twocolumnfalse
* \@twosidefalse
* \@mparswitchfalse
* \@reversemarginfalse
* (1in=72.27pt=25.4mm, 1cm=28.453pt)

LaTeX Font Info:    External font `cmex10' loaded for size
(Font)              <12> on input line 32.
LaTeX Font Info:    External font `cmex10' loaded for size
(Font)              <8> on input line 32.
LaTeX Font Info:    External font `cmex10' loaded for size
(Font)              <6> on input line 32.

Underfull \hbox (badness 10000) in paragraph at lines 44--48

 []


Underfull \hbox (badness 10000) in paragraph at lines 44--48

 []

[1

{C:/Users/Hammad/AppData/Local/MiKTeX/2.9/pdftex/config/pdftex.map}]
LaTeX Font Info:    External font `cmex10' loaded for size
(Font)              <10.95> on input line 63.
LaTeX Font Info:    External font `cmex10' loaded for size
(Font)              <7> on input line 122.
LaTeX Font Info:    External font `cmex10' loaded for size
(Font)              <5> on input line 122.

Underfull \hbox (badness 10000) in paragraph at lines 73--139

 []


Underfull \hbox (badness 10000) in paragraph at lines 73--139

 []

[2]
Underfull \hbox (badness 10000) in paragraph at lines 140--143

 []

[3]
<images/typical.jpg, id=17, 1541.76pt x 1156.32pt>
File: images/typical.jpg Graphic file (type jpg)
<use images/typical.jpg>
Package pdftex.def Info: images/typical.jpg  used on input line 146.
(pdftex.def)             Requested size: 108.405pt x 81.30354pt.
<images/bright.jpg, id=18, 1541.76pt x 1156.32pt>
File: images/bright.jpg Graphic file (type jpg)
<use images/bright.jpg>
Package pdftex.def Info: images/bright.jpg  used on input line 148.
(pdftex.def)             Requested size: 108.405pt x 81.30354pt.
LaTeX Font Info:    Try loading font information for OMS+cmr on input line 156.

 ("C:\Program Files (x86)\LaTeX\tex\latex\base\omscmr.fd"
File: omscmr.fd 2014/09/29 v2.5h Standard LaTeX font definitions
)
LaTeX Font Info:    Font shape `OMS/cmr/m/n' in size <10.95> not available
(Font)              Font shape `OMS/cmsy/m/n' tried instead on input line 156.

Overfull \hbox (0.7906pt too wide) in paragraph at lines 169--206
[][] 
 []

[4 <./images/typical.jpg> <./images/bright.jpg>]
Underfull \hbox (badness 10000) in paragraph at lines 231--234

 []

[5]
<images/Original(BrownThrasher).jpg, id=27, 140.525pt x 140.525pt>
File: images/Original(BrownThrasher).jpg Graphic file (type jpg)
<use images/Original(BrownThrasher).jpg>
Package pdftex.def Info: images/Original(BrownThrasher).jpg  used on input line
 237.
(pdftex.def)             Requested size: 108.405pt x 108.40398pt.
<images/Adversarial(TuftedTitmouse).png, id=28, 140.525pt x 140.525pt>
File: images/Adversarial(TuftedTitmouse).png Graphic file (type png)
<use images/Adversarial(TuftedTitmouse).png>
Package pdftex.def Info: images/Adversarial(TuftedTitmouse).png  used on input 
line 239.
(pdftex.def)             Requested size: 108.405pt x 108.40398pt.

Underfull \hbox (badness 2050) in paragraph at lines 239--239
\OT1/cmr/m/n/9 clas-si-fied as Tufted Tit-
 []

[6]
<images/Original_predictions.png, id=36, 272.51813pt x 169.63374pt>
File: images/Original_predictions.png Graphic file (type png)
<use images/Original_predictions.png>
Package pdftex.def Info: images/Original_predictions.png  used on input line 24
6.
(pdftex.def)             Requested size: 272.51746pt x 169.63332pt.
<images/Adversarial_predictions.png, id=37, 272.51813pt x 168.12813pt>
File: images/Adversarial_predictions.png Graphic file (type png)
<use images/Adversarial_predictions.png>
Package pdftex.def Info: images/Adversarial_predictions.png  used on input line
 251.
(pdftex.def)             Requested size: 272.51746pt x 168.1277pt.
 [7 <./images/Original(BrownThrasher).jpg> <./images/Adversarial(TuftedTitmouse
).png> <./images/Original_predictions.png>]
Underfull \hbox (badness 10000) in paragraph at lines 282--285

 []


Underfull \hbox (badness 10000) in paragraph at lines 282--285

 []

[8 <./images/Adversarial_predictions.png>]
Underfull \hbox (badness 10000) in paragraph at lines 290--293

 []


Underfull \hbox (badness 10000) in paragraph at lines 290--293

 []

[9] ("Summer Research.bbl") [10] ("Summer Research.aux")

LaTeX Warning: There were multiply-defined labels.

 ) 
Here is how much of TeX's memory you used:
 4029 strings out of 493303
 61639 string characters out of 3138254
 139032 words of memory out of 3000000
 7535 multiletter control sequences out of 15000+200000
 10379 words of font info for 36 fonts, out of 3000000 for 9000
 1141 hyphenation exceptions out of 8191
 44i,9n,49p,1538b,347s stack positions out of 5000i,500n,10000p,200000b,50000s
<C:/Program Files (x86)/LaTeX/fonts/type1/public/amsfonts/cm/cmbx10.pfb><C:/P
rogram Files (x86)/LaTeX/fonts/type1/public/amsfonts/cm/cmbx12.pfb><C:/Program 
Files (x86)/LaTeX/fonts/type1/public/amsfonts/cm/cmbx9.pfb><C:/Program Files (x
86)/LaTeX/fonts/type1/public/amsfonts/cm/cmmi10.pfb><C:/Program Files (x86)/LaT
eX/fonts/type1/public/amsfonts/cm/cmmi8.pfb><C:/Program Files (x86)/LaTeX/fonts
/type1/public/amsfonts/cm/cmr10.pfb><C:/Program Files (x86)/LaTeX/fonts/type1/p
ublic/amsfonts/cm/cmr12.pfb><C:/Program Files (x86)/LaTeX/fonts/type1/public/am
sfonts/cm/cmr8.pfb><C:/Program Files (x86)/LaTeX/fonts/type1/public/amsfonts/cm
/cmr9.pfb><C:/Program Files (x86)/LaTeX/fonts/type1/public/amsfonts/cm/cmsy10.p
fb><C:/Program Files (x86)/LaTeX/fonts/type1/public/amsfonts/cm/cmsy8.pfb><C:/P
rogram Files (x86)/LaTeX/fonts/type1/public/amsfonts/cm/cmti10.pfb>
Output written on "Summer Research.pdf" (10 pages, 1778590 bytes).
PDF statistics:
 91 PDF objects out of 1000 (max. 8388607)
 0 named destinations out of 1000 (max. 500000)
 31 words of extra memory for PDF output out of 10000 (max. 10000000)

